<?xml version="1.0" encoding="UTF-8"?>
<!-- Generated by org.testng.reporters.JUnitReportReporter -->
<testsuite hostname="DESKTOP-58RHMDE" failures="0" tests="6" name="Automation.LoginPage" time="83.963" errors="0" timestamp="2023-08-31T17:07:38 BDT" skipped="0">
  <testcase classname="Automation.LoginPage" name="ValidMobileNumber" time="12.764"/>
  <testcase classname="Automation.LoginPage" name="WrongMobileNumber" time="10.614"/>
  <testcase classname="Automation.LoginPage" name="InvalidMobileNumber" time="10.367"/>
  <testcase classname="Automation.LoginPage" name="BlankMobileNumber" time="17.750"/>
  <testcase classname="Automation.LoginPage" name="ValidPinNumber" time="21.893"/>
  <testcase classname="Automation.LoginPage" name="InvalidPinNumber" time="10.575"/>
</testsuite> <!-- Automation.LoginPage -->
