<?xml version="1.0" encoding="UTF-8"?>
<!-- Generated by org.testng.reporters.JUnitReportReporter -->
<testsuite hostname="DESKTOP-58RHMDE" failures="0" tests="4" name="Automation.ExpensesCRUD" time="67.914" errors="0" timestamp="2023-08-31T17:07:38 BDT" skipped="0">
  <testcase classname="Automation.ExpensesCRUD" name="CreateBill" time="13.618"/>
  <testcase classname="Automation.ExpensesCRUD" name="ReadBill" time="11.451"/>
  <testcase classname="Automation.ExpensesCRUD" name="UpdateBill" time="25.112"/>
  <testcase classname="Automation.ExpensesCRUD" name="DeleteBill" time="17.733"/>
</testsuite> <!-- Automation.ExpensesCRUD -->
