<?xml version="1.0" encoding="UTF-8"?>
<!-- Generated by org.testng.reporters.JUnitReportReporter -->
<testsuite hostname="DESKTOP-58RHMDE" failures="0" tests="6" name="Automation.WebAutomation" time="90.916" errors="0" timestamp="2023-08-31T14:03:14 BDT" skipped="0">
  <testcase classname="Automation.WebAutomation" name="ValidMobileNumber" time="15.873"/>
  <testcase classname="Automation.WebAutomation" name="WrongMobileNumber" time="10.345"/>
  <testcase classname="Automation.WebAutomation" name="InvalidMobileNumber" time="10.441"/>
  <testcase classname="Automation.WebAutomation" name="BlankMobileNumber" time="14.504"/>
  <testcase classname="Automation.WebAutomation" name="ValidPinNumber" time="23.091"/>
  <testcase classname="Automation.WebAutomation" name="InvalidPinNumber" time="16.662"/>
</testsuite> <!-- Automation.WebAutomation -->
